PoultryGuardAndroid/app/build/intermediates/manifest_merge_blame_file/debug/manifest-merger-blame-debug-report.txt
1<?xml version="1.0" encoding="utf-8"?>
2<manifest xmlns:android="http://schemas.android.com/apk/res/android"
3    package="com.poultryguard.ai"
4    android:versionCode="1"
5    android:versionName="1.0" >
6
7    <uses-sdk
8        android:minSdkVersion="26"
9        android:targetSdkVersion="34" />
10
11    <uses-permission android:name="android.permission.INTERNET" />
11-->src\main\AndroidManifest.xml:5:5-67
11-->src\main\AndroidManifest.xml:5:22-64
12    <uses-permission android:name="android.permission.ACCESS_NETWORK_STATE" />
12-->[com.google.firebase:firebase-auth:22.3.1] AndroidManifest.xml:26:5-79
12-->[com.google.firebase:firebase-auth:22.3.1] AndroidManifest.xml:26:22-76
13    <uses-permission android:name="com.google.android.providers.gsf.permission.READ_GSERVICES" />
13-->[com.google.android.recaptcha:recaptcha:18.4.0] AndroidManifest.xml:9:5-98
13-->[com.google.android.recaptcha:recaptcha:18.4.0] AndroidManifest.xml:9:22-95
14
15    <permission
15-->[androidx.core:core:1.12.0] AndroidManifest.xml:22:5-24:47
16        android:name="com.poultryguard.ai.DYNAMIC_RECEIVER_NOT_EXPORTED_PERMISSION"
16-->[androidx.core:core:1.12.0] AndroidManifest.xml:23:9-81
17        android:protectionLevel="signature" />
17-->[androidx.core:core:1.12.0] AndroidManifest.xml:24:9-44
18
19    <uses-permission android:name="com.poultryguard.ai.DYNAMIC_RECEIVER_NOT_EXPORTED_PERMISSION" />
19-->[androidx.core:core:1.12.0] AndroidManifest.xml:26:5-97
19-->[androidx.core:core:1.12.0] AndroidManifest.xml:26:22-94
20
21    <application
21-->src\main\AndroidManifest.xml:7:5-29:19
22        android:allowBackup="true"
22-->src\main\AndroidManifest.xml:8:9-35
23        android:appComponentFactory="androidx.core.app.CoreComponentFactory"
23-->[androidx.core:core:1.12.0] AndroidManifest.xml:28:18-86
24        android:debuggable="true"
25        android:extractNativeLibs="false"
26        android:icon="@android:drawable/sym_def_app_icon"
26-->src\main\AndroidManifest.xml:9:9-58
27        android:label="Poultry Guard"
27-->src\main\AndroidManifest.xml:10:9-38
28        android:roundIcon="@android:drawable/sym_def_app_icon"
28-->src\main\AndroidManifest.xml:11:9-63
29        android:supportsRtl="true"
29-->src\main\AndroidManifest.xml:12:9-35
30        android:testOnly="true"
31        android:theme="@android:style/Theme.Material.NoActionBar" >
31-->src\main\AndroidManifest.xml:13:9-66
32        <activity
32-->src\main\AndroidManifest.xml:16:9-27:20
33            android:name="com.poultryguard.ai.MainActivity"
33-->src\main\AndroidManifest.xml:17:13-60
34            android:exported="true"
34-->src\main\AndroidManifest.xml:18:13-36
35            android:theme="@android:style/Theme.Material.NoActionBar"
35-->src\main\AndroidManifest.xml:19:13-70
36            android:windowSoftInputMode="adjustResize" >
36-->src\main\AndroidManifest.xml:20:13-55
37            <intent-filter>
37-->src\main\AndroidManifest.xml:22:13-25:29
38                <action android:name="android.intent.action.MAIN" />
38-->src\main\AndroidManifest.xml:23:17-69
38-->src\main\AndroidManifest.xml:23:25-66
39
40                <category android:name="android.intent.category.LAUNCHER" />
40-->src\main\AndroidManifest.xml:24:17-77
40-->src\main\AndroidManifest.xml:24:27-74
41            </intent-filter>
42        </activity>
43        <activity
43-->[com.google.firebase:firebase-auth:22.3.1] AndroidManifest.xml:29:9-46:20
44            android:name="com.google.firebase.auth.internal.GenericIdpActivity"
44-->[com.google.firebase:firebase-auth:22.3.1] AndroidManifest.xml:30:13-80
45            android:excludeFromRecents="true"
45-->[com.google.firebase:firebase-auth:22.3.1] AndroidManifest.xml:31:13-46
46            android:exported="true"
46-->[com.google.firebase:firebase-auth:22.3.1] AndroidManifest.xml:32:13-36
47            android:launchMode="singleTask"
47-->[com.google.firebase:firebase-auth:22.3.1] AndroidManifest.xml:33:13-44
48            android:theme="@android:style/Theme.Translucent.NoTitleBar" >
48-->[com.google.firebase:firebase-auth:22.3.1] AndroidManifest.xml:34:13-72
49            <intent-filter>
49-->[com.google.firebase:firebase-auth:22.3.1] AndroidManifest.xml:35:13-45:29
50                <action android:name="android.intent.action.VIEW" />
50-->[com.google.firebase:firebase-auth:22.3.1] AndroidManifest.xml:36:17-69
50-->[com.google.firebase:firebase-auth:22.3.1] AndroidManifest.xml:36:25-66
51
52                <category android:name="android.intent.category.DEFAULT" />
52-->[com.google.firebase:firebase-auth:22.3.1] AndroidManifest.xml:38:17-76
52-->[com.google.firebase:firebase-auth:22.3.1] AndroidManifest.xml:38:27-73
53                <category android:name="android.intent.category.BROWSABLE" />
53-->[com.google.firebase:firebase-auth:22.3.1] AndroidManifest.xml:39:17-78
53-->[com.google.firebase:firebase-auth:22.3.1] AndroidManifest.xml:39:27-75
54
55                <data
55-->[com.google.firebase:firebase-auth:22.3.1] AndroidManifest.xml:41:17-44:51
56                    android:host="firebase.auth"
56-->[com.google.firebase:firebase-auth:22.3.1] AndroidManifest.xml:42:21-49
57                    android:path="/"
57-->[com.google.firebase:firebase-auth:22.3.1] AndroidManifest.xml:43:21-37
58                    android:scheme="genericidp" />
58-->[com.google.firebase:firebase-auth:22.3.1] AndroidManifest.xml:44:21-48
59            </intent-filter>
60        </activity>
61        <activity
61-->[com.google.firebase:firebase-auth:22.3.1] AndroidManifest.xml:47:9-64:20
62            android:name="com.google.firebase.auth.internal.RecaptchaActivity"
62-->[com.google.firebase:firebase-auth:22.3.1] AndroidManifest.xml:48:13-79
63            android:excludeFromRecents="true"
63-->[com.google.firebase:firebase-auth:22.3.1] AndroidManifest.xml:49:13-46
64            android:exported="true"
64-->[com.google.firebase:firebase-auth:22.3.1] AndroidManifest.xml:50:13-36
65            android:launchMode="singleTask"
65-->[com.google.firebase:firebase-auth:22.3.1] AndroidManifest.xml:51:13-44
66            android:theme="@android:style/Theme.Translucent.NoTitleBar" >
66-->[com.google.firebase:firebase-auth:22.3.1] AndroidManifest.xml:52:13-72
67            <intent-filter>
67-->[com.google.firebase:firebase-auth:22.3.1] AndroidManifest.xml:53:13-63:29
68                <action android:name="android.intent.action.VIEW" />
68-->[com.google.firebase:firebase-auth:22.3.1] AndroidManifest.xml:36:17-69
68-->[com.google.firebase:firebase-auth:22.3.1] AndroidManifest.xml:36:25-66
69
70                <category android:name="android.intent.category.DEFAULT" />
70-->[com.google.firebase:firebase-auth:22.3.1] AndroidManifest.xml:38:17-76
70-->[com.google.firebase:firebase-auth:22.3.1] AndroidManifest.xml:38:27-73
71                <category android:name="android.intent.category.BROWSABLE" />
71-->[com.google.firebase:firebase-auth:22.3.1] AndroidManifest.xml:39:17-78
71-->[com.google.firebase:firebase-auth:22.3.1] AndroidManifest.xml:39:27-75
72
73                <data
73-->[com.google.firebase:firebase-auth:22.3.1] AndroidManifest.xml:41:17-44:51
74                    android:host="firebase.auth"
74-->[com.google.firebase:firebase-auth:22.3.1] AndroidManifest.xml:42:21-49
75                    android:path="/"
75-->[com.google.firebase:firebase-auth:22.3.1] AndroidManifest.xml:43:21-37
76                    android:scheme="recaptcha" />
76-->[com.google.firebase:firebase-auth:22.3.1] AndroidManifest.xml:44:21-48
77            </intent-filter>
78        </activity>
79
80        <service
80-->[com.google.firebase:firebase-auth:22.3.1] AndroidManifest.xml:66:9-72:19
81            android:name="com.google.firebase.components.ComponentDiscoveryService"
81-->[com.google.firebase:firebase-auth:22.3.1] AndroidManifest.xml:67:13-84
82            android:directBootAware="true"
82-->[com.google.firebase:firebase-common:20.4.3] AndroidManifest.xml:32:13-43
83            android:exported="false" >
83-->[com.google.firebase:firebase-auth:22.3.1] AndroidManifest.xml:68:13-37
84            <meta-data
84-->[com.google.firebase:firebase-auth:22.3.1] AndroidManifest.xml:69:13-71:85
85                android:name="com.google.firebase.components:com.google.firebase.auth.FirebaseAuthRegistrar"
85-->[com.google.firebase:firebase-auth:22.3.1] AndroidManifest.xml:70:17-109
86                android:value="com.google.firebase.components.ComponentRegistrar" />
86-->[com.google.firebase:firebase-auth:22.3.1] AndroidManifest.xml:71:17-82
87            <meta-data
87-->[com.google.firebase:firebase-firestore:24.11.0] AndroidManifest.xml:17:13-19:85
88                android:name="com.google.firebase.components:com.google.firebase.firestore.FirebaseFirestoreKtxRegistrar"
88-->[com.google.firebase:firebase-firestore:24.11.0] AndroidManifest.xml:18:17-122
89                android:value="com.google.firebase.components.ComponentRegistrar" />
89-->[com.google.firebase:firebase-firestore:24.11.0] AndroidManifest.xml:19:17-82
90            <meta-data
90-->[com.google.firebase:firebase-firestore:24.11.0] AndroidManifest.xml:20:13-22:85
91                android:name="com.google.firebase.components:com.google.firebase.firestore.FirestoreRegistrar"
91-->[com.google.firebase:firebase-firestore:24.11.0] AndroidManifest.xml:21:17-111
92                android:value="com.google.firebase.components.ComponentRegistrar" />
92-->[com.google.firebase:firebase-firestore:24.11.0] AndroidManifest.xml:22:17-82
93            <meta-data
93-->[com.google.firebase:firebase-common-ktx:20.4.3] AndroidManifest.xml:12:13-14:85
94                android:name="com.google.firebase.components:com.google.firebase.ktx.FirebaseCommonLegacyRegistrar"
94-->[com.google.firebase:firebase-common-ktx:20.4.3] AndroidManifest.xml:13:17-116
95                android:value="com.google.firebase.components.ComponentRegistrar" />
95-->[com.google.firebase:firebase-common-ktx:20.4.3] AndroidManifest.xml:14:17-82
96            <meta-data
96-->[com.google.firebase:firebase-common:20.4.3] AndroidManifest.xml:35:13-37:85
97                android:name="com.google.firebase.components:com.google.firebase.FirebaseCommonKtxRegistrar"
97-->[com.google.firebase:firebase-common:20.4.3] AndroidManifest.xml:36:17-109
98                android:value="com.google.firebase.components.ComponentRegistrar" />
98-->[com.google.firebase:firebase-common:20.4.3] AndroidManifest.xml:37:17-82
99        </service>
100
101        <activity
101-->[com.google.android.gms:play-services-base:18.0.1] AndroidManifest.xml:20:9-22:45
102            android:name="com.google.android.gms.common.api.GoogleApiActivity"
102-->[com.google.android.gms:play-services-base:18.0.1] AndroidManifest.xml:20:19-85
103            android:exported="false"
103-->[com.google.android.gms:play-services-base:18.0.1] AndroidManifest.xml:22:19-43
104            android:theme="@android:style/Theme.Translucent.NoTitleBar" />
104-->[com.google.android.gms:play-services-base:18.0.1] AndroidManifest.xml:21:19-78
105
106        <provider
106-->[com.google.firebase:firebase-common:20.4.3] AndroidManifest.xml:23:9-28:39
107            android:name="com.google.firebase.provider.FirebaseInitProvider"
107-->[com.google.firebase:firebase-common:20.4.3] AndroidManifest.xml:24:13-77
108            android:authorities="com.poultryguard.ai.firebaseinitprovider"
108-->[com.google.firebase:firebase-common:20.4.3] AndroidManifest.xml:25:13-72
109            android:directBootAware="true"
109-->[com.google.firebase:firebase-common:20.4.3] AndroidManifest.xml:26:13-43
110            android:exported="false"
110-->[com.google.firebase:firebase-common:20.4.3] AndroidManifest.xml:27:13-37
111            android:initOrder="100" />
111-->[com.google.firebase:firebase-common:20.4.3] AndroidManifest.xml:28:13-36
112
113        <activity
113-->[androidx.compose.ui:ui-test-manifest:1.6.1] AndroidManifest.xml:23:9-25:39
114            android:name="androidx.activity.ComponentActivity"
114-->[androidx.compose.ui:ui-test-manifest:1.6.1] AndroidManifest.xml:24:13-63
115            android:exported="true" />
115-->[androidx.compose.ui:ui-test-manifest:1.6.1] AndroidManifest.xml:25:13-36
116        <activity
116-->[androidx.compose.ui:ui-tooling-android:1.6.1] AndroidManifest.xml:23:9-25:39
117            android:name="androidx.compose.ui.tooling.PreviewActivity"
117-->[androidx.compose.ui:ui-tooling-android:1.6.1] AndroidManifest.xml:24:13-71
118            android:exported="true" />
118-->[androidx.compose.ui:ui-tooling-android:1.6.1] AndroidManifest.xml:25:13-36
119
120        <provider
120-->[androidx.emoji2:emoji2:1.3.0] AndroidManifest.xml:24:9-32:20
121            android:name="androidx.startup.InitializationProvider"
121-->[androidx.emoji2:emoji2:1.3.0] AndroidManifest.xml:25:13-67
122            android:authorities="com.poultryguard.ai.androidx-startup"
122-->[androidx.emoji2:emoji2:1.3.0] AndroidManifest.xml:26:13-68
123            android:exported="false" >
123-->[androidx.emoji2:emoji2:1.3.0] AndroidManifest.xml:27:13-37
124            <meta-data
124-->[androidx.emoji2:emoji2:1.3.0] AndroidManifest.xml:29:13-31:52
125                android:name="androidx.emoji2.text.EmojiCompatInitializer"
125-->[androidx.emoji2:emoji2:1.3.0] AndroidManifest.xml:30:17-75
126                android:value="androidx.startup" />
126-->[androidx.emoji2:emoji2:1.3.0] AndroidManifest.xml:31:17-49
127            <meta-data
127-->[androidx.lifecycle:lifecycle-process:2.7.0] AndroidManifest.xml:29:13-31:52
128                android:name="androidx.lifecycle.ProcessLifecycleInitializer"
128-->[androidx.lifecycle:lifecycle-process:2.7.0] AndroidManifest.xml:30:17-78
129                android:value="androidx.startup" />
129-->[androidx.lifecycle:lifecycle-process:2.7.0] AndroidManifest.xml:31:17-49
130            <meta-data
130-->[androidx.profileinstaller:profileinstaller:1.3.0] AndroidManifest.xml:29:13-31:52
131                android:name="androidx.profileinstaller.ProfileInstallerInitializer"
131-->[androidx.profileinstaller:profileinstaller:1.3.0] AndroidManifest.xml:30:17-85
132                android:value="androidx.startup" />
132-->[androidx.profileinstaller:profileinstaller:1.3.0] AndroidManifest.xml:31:17-49
133        </provider>
134
135        <meta-data
135-->[com.google.android.gms:play-services-basement:18.3.0] AndroidManifest.xml:21:9-23:69
136            android:name="com.google.android.gms.version"
136-->[com.google.android.gms:play-services-basement:18.3.0] AndroidManifest.xml:22:13-58
137            android:value="@integer/google_play_services_version" />
137-->[com.google.android.gms:play-services-basement:18.3.0] AndroidManifest.xml:23:13-66
138
139        <receiver
139-->[androidx.profileinstaller:profileinstaller:1.3.0] AndroidManifest.xml:34:9-52:20
140            android:name="androidx.profileinstaller.ProfileInstallReceiver"
140-->[androidx.profileinstaller:profileinstaller:1.3.0] AndroidManifest.xml:35:13-76
141            android:directBootAware="false"
141-->[androidx.profileinstaller:profileinstaller:1.3.0] AndroidManifest.xml:36:13-44
142            android:enabled="true"
142-->[androidx.profileinstaller:profileinstaller:1.3.0] AndroidManifest.xml:37:13-35
143            android:exported="true"
143-->[androidx.profileinstaller:profileinstaller:1.3.0] AndroidManifest.xml:38:13-36
144            android:permission="android.permission.DUMP" >
144-->[androidx.profileinstaller:profileinstaller:1.3.0] AndroidManifest.xml:39:13-57
145            <intent-filter>
145-->[androidx.profileinstaller:profileinstaller:1.3.0] AndroidManifest.xml:40:13-42:29
146                <action android:name="androidx.profileinstaller.action.INSTALL_PROFILE" />
146-->[androidx.profileinstaller:profileinstaller:1.3.0] AndroidManifest.xml:41:17-91
146-->[androidx.profileinstaller:profileinstaller:1.3.0] AndroidManifest.xml:41:25-88
147            </intent-filter>
148            <intent-filter>
148-->[androidx.profileinstaller:profileinstaller:1.3.0] AndroidManifest.xml:43:13-45:29
149                <action android:name="androidx.profileinstaller.action.SKIP_FILE" />
149-->[androidx.profileinstaller:profileinstaller:1.3.0] AndroidManifest.xml:44:17-85
149-->[androidx.profileinstaller:profileinstaller:1.3.0] AndroidManifest.xml:44:25-82
150            </intent-filter>
151            <intent-filter>
151-->[androidx.profileinstaller:profileinstaller:1.3.0] AndroidManifest.xml:46:13-48:29
152                <action android:name="androidx.profileinstaller.action.SAVE_PROFILE" />
152-->[androidx.profileinstaller:profileinstaller:1.3.0] AndroidManifest.xml:47:17-88
152-->[androidx.profileinstaller:profileinstaller:1.3.0] AndroidManifest.xml:47:25-85
153            </intent-filter>
154            <intent-filter>
154-->[androidx.profileinstaller:profileinstaller:1.3.0] AndroidManifest.xml:49:13-51:29
155                <action android:name="androidx.profileinstaller.action.BENCHMARK_OPERATION" />
155-->[androidx.profileinstaller:profileinstaller:1.3.0] AndroidManifest.xml:50:17-95
155-->[androidx.profileinstaller:profileinstaller:1.3.0] AndroidManifest.xml:50:25-92
156            </intent-filter>
157        </receiver>
158    </application>
159
160</manifest>